2022-01-23 17:11:29,880  INFO [main] SetUp:92 - Report status initiated
2022-01-23 17:11:36,426  INFO [main] SetUp:72 - Page opened
2022-01-23 17:11:36,541  INFO [main] SetUp:30 - Entered readExcel method
2022-01-23 17:11:36,737  INFO [main] SetUp:50 - Entered logIn method
2022-01-23 17:11:42,054  INFO [main] SetUp:72 - Entered verifyMandatoryMsgVisible test
2022-01-23 17:11:49,058  INFO [main] SetUp:124 - Assertion passed
2022-01-23 17:11:49,073  INFO [main] SetUp:118 - enter testReportResult method 
2022-01-23 17:11:49,427  INFO [main] SetUp:134 - Entered verifyMandatoryMsgVisible test
2022-01-23 17:11:54,797  INFO [main] SetUp:190 - Assertion passed
2022-01-23 17:11:54,800  INFO [main] SetUp:118 - enter testReportResult method 
2022-01-23 17:11:55,107  INFO [main] SetUp:200 - Entered verifyMandatoryMsgVisibleForOwner test
2022-01-23 17:11:57,280  INFO [main] SetUp:232 - Assertion passed
2022-01-23 17:11:57,286  INFO [main] SetUp:118 - enter testReportResult method 
2022-01-23 17:11:57,558  INFO [main] SetUp:243 - Entered verifyAddNurserywithMnadatoryOnly test
2022-01-23 17:11:57,691  INFO [main] SetUp:60 - Entered writeCell method
2022-01-23 17:11:57,761  INFO [main] SetUp:60 - Entered writeCell method
2022-01-23 17:11:57,776  INFO [main] SetUp:60 - Entered writeCell method
2022-01-23 17:11:57,825  INFO [main] SetUp:60 - Entered writeCell method
2022-01-23 17:11:57,838  INFO [main] SetUp:60 - Entered writeCell method
2022-01-23 17:11:57,849  INFO [main] SetUp:60 - Entered writeCell method
2022-01-23 17:11:57,858  INFO [main] SetUp:60 - Entered writeCell method
2022-01-23 17:11:57,888  INFO [main] SetUp:60 - Entered writeCell method
2022-01-23 17:11:57,911  INFO [main] SetUp:60 - Entered writeCell method
2022-01-23 17:11:57,921  INFO [main] SetUp:60 - Entered writeCell method
2022-01-23 17:11:57,977  INFO [main] SetUp:60 - Entered writeCell method
2022-01-23 17:11:57,988  INFO [main] SetUp:60 - Entered writeCell method
2022-01-23 17:11:57,999  INFO [main] SetUp:60 - Entered writeCell method
2022-01-23 17:11:58,008  INFO [main] SetUp:60 - Entered writeCell method
2022-01-23 17:11:58,018  INFO [main] SetUp:60 - Entered writeCell method
2022-01-23 17:11:58,028  INFO [main] SetUp:60 - Entered writeCell method
2022-01-23 17:11:58,038  INFO [main] SetUp:46 - Entered getValue method
2022-01-23 17:11:58,039  INFO [main] SetUp:46 - Entered getValue method
2022-01-23 17:11:58,039  INFO [main] SetUp:46 - Entered getValue method
2022-01-23 17:11:58,039  INFO [main] SetUp:46 - Entered getValue method
2022-01-23 17:11:58,039  INFO [main] SetUp:46 - Entered getValue method
2022-01-23 17:11:58,039  INFO [main] SetUp:46 - Entered getValue method
2022-01-23 17:11:58,039  INFO [main] SetUp:46 - Entered getValue method
2022-01-23 17:11:58,039  INFO [main] SetUp:46 - Entered getValue method
2022-01-23 17:11:58,039  INFO [main] SetUp:46 - Entered getValue method
2022-01-23 17:11:58,039  INFO [main] SetUp:46 - Entered getValue method
2022-01-23 17:11:58,039  INFO [main] SetUp:46 - Entered getValue method
2022-01-23 17:11:58,039  INFO [main] SetUp:46 - Entered getValue method
2022-01-23 17:11:58,039  INFO [main] SetUp:46 - Entered getValue method
2022-01-23 17:11:58,039  INFO [main] SetUp:46 - Entered getValue method
2022-01-23 17:11:58,040  INFO [main] SetUp:46 - Entered getValue method
2022-01-23 17:11:58,040  INFO [main] SetUp:46 - Entered getValue method
2022-01-23 17:11:58,040  INFO [main] SetUp:46 - Entered getValue method
2022-01-23 17:11:58,040  INFO [main] SetUp:46 - Entered getValue method
2022-01-23 17:11:58,040  INFO [main] SetUp:46 - Entered getValue method
2022-01-23 17:11:58,040  INFO [main] SetUp:46 - Entered getValue method
2022-01-23 17:11:58,041  INFO [main] SetUp:46 - Entered getValue method
2022-01-23 17:11:58,041  INFO [main] SetUp:46 - Entered getValue method
2022-01-23 17:11:58,041  INFO [main] SetUp:46 - Entered getValue method
2022-01-23 17:11:58,041  INFO [main] SetUp:46 - Entered getValue method
2022-01-23 17:11:58,041  INFO [main] SetUp:46 - Entered getValue method
2022-01-23 17:11:58,042  INFO [main] SetUp:46 - Entered getValue method
2022-01-23 17:11:58,042  INFO [main] SetUp:46 - Entered getValue method
2022-01-23 17:11:58,042  INFO [main] SetUp:46 - Entered getValue method
2022-01-23 17:11:58,042  INFO [main] SetUp:46 - Entered getValue method
2022-01-23 17:11:58,042  INFO [main] SetUp:46 - Entered getValue method
2022-01-23 17:11:58,043  INFO [main] SetUp:30 - Entered readExcel method
2022-01-23 17:11:58,061  INFO [main] SetUp:60 - Entered writeCell method
2022-01-23 17:11:58,074  INFO [main] SetUp:60 - Entered writeCell method
2022-01-23 17:11:58,084  INFO [main] SetUp:60 - Entered writeCell method
2022-01-23 17:11:58,105  INFO [main] SetUp:46 - Entered getValue method
2022-01-23 17:11:58,105  INFO [main] SetUp:46 - Entered getValue method
2022-01-23 17:11:58,105  INFO [main] SetUp:46 - Entered getValue method
2022-01-23 17:11:58,105  INFO [main] SetUp:46 - Entered getValue method
2022-01-23 17:11:58,105  INFO [main] SetUp:46 - Entered getValue method
2022-01-23 17:11:58,272  INFO [main] SetUp:253 - Entered addNursery method
2022-01-23 17:12:00,814  INFO [main] SetUp:263 - File uploaded successfully
2022-01-23 17:12:03,156  INFO [main] SetUp:333 - Entered addOwner Method
2022-01-23 17:12:20,290  INFO [main] SetUp:322 - Assertion passed
2022-01-23 17:12:20,292  INFO [main] SetUp:118 - enter testReportResult method 
2022-01-23 17:12:20,524  INFO [main] SetUp:334 - Entered verifyAddNurserywithAllFields test
2022-01-23 17:12:20,524  INFO [main] SetUp:30 - Entered readExcel method
2022-01-23 17:12:20,532  INFO [main] SetUp:60 - Entered writeCell method
2022-01-23 17:12:20,543  INFO [main] SetUp:60 - Entered writeCell method
2022-01-23 17:12:20,551  INFO [main] SetUp:60 - Entered writeCell method
2022-01-23 17:12:20,566  INFO [main] SetUp:60 - Entered writeCell method
2022-01-23 17:12:20,577  INFO [main] SetUp:60 - Entered writeCell method
2022-01-23 17:12:20,586  INFO [main] SetUp:60 - Entered writeCell method
2022-01-23 17:12:20,595  INFO [main] SetUp:60 - Entered writeCell method
2022-01-23 17:12:20,605  INFO [main] SetUp:60 - Entered writeCell method
2022-01-23 17:12:20,615  INFO [main] SetUp:60 - Entered writeCell method
2022-01-23 17:12:20,625  INFO [main] SetUp:60 - Entered writeCell method
2022-01-23 17:12:20,634  INFO [main] SetUp:60 - Entered writeCell method
2022-01-23 17:12:20,647  INFO [main] SetUp:60 - Entered writeCell method
2022-01-23 17:12:20,658  INFO [main] SetUp:60 - Entered writeCell method
2022-01-23 17:12:20,667  INFO [main] SetUp:60 - Entered writeCell method
2022-01-23 17:12:20,676  INFO [main] SetUp:60 - Entered writeCell method
2022-01-23 17:12:20,685  INFO [main] SetUp:60 - Entered writeCell method
2022-01-23 17:12:20,694  INFO [main] SetUp:46 - Entered getValue method
2022-01-23 17:12:20,694  INFO [main] SetUp:46 - Entered getValue method
2022-01-23 17:12:20,694  INFO [main] SetUp:46 - Entered getValue method
2022-01-23 17:12:20,695  INFO [main] SetUp:46 - Entered getValue method
2022-01-23 17:12:20,695  INFO [main] SetUp:46 - Entered getValue method
2022-01-23 17:12:20,695  INFO [main] SetUp:46 - Entered getValue method
2022-01-23 17:12:20,695  INFO [main] SetUp:46 - Entered getValue method
2022-01-23 17:12:20,695  INFO [main] SetUp:46 - Entered getValue method
2022-01-23 17:12:20,695  INFO [main] SetUp:46 - Entered getValue method
2022-01-23 17:12:20,695  INFO [main] SetUp:46 - Entered getValue method
2022-01-23 17:12:20,696  INFO [main] SetUp:46 - Entered getValue method
2022-01-23 17:12:20,696  INFO [main] SetUp:46 - Entered getValue method
2022-01-23 17:12:20,696  INFO [main] SetUp:46 - Entered getValue method
2022-01-23 17:12:20,696  INFO [main] SetUp:46 - Entered getValue method
2022-01-23 17:12:20,696  INFO [main] SetUp:46 - Entered getValue method
2022-01-23 17:12:20,696  INFO [main] SetUp:46 - Entered getValue method
2022-01-23 17:12:20,697  INFO [main] SetUp:46 - Entered getValue method
2022-01-23 17:12:20,697  INFO [main] SetUp:46 - Entered getValue method
2022-01-23 17:12:20,697  INFO [main] SetUp:46 - Entered getValue method
2022-01-23 17:12:20,698  INFO [main] SetUp:46 - Entered getValue method
2022-01-23 17:12:20,698  INFO [main] SetUp:46 - Entered getValue method
2022-01-23 17:12:20,698  INFO [main] SetUp:46 - Entered getValue method
2022-01-23 17:12:20,698  INFO [main] SetUp:46 - Entered getValue method
2022-01-23 17:12:20,698  INFO [main] SetUp:46 - Entered getValue method
2022-01-23 17:12:20,698  INFO [main] SetUp:46 - Entered getValue method
2022-01-23 17:12:20,698  INFO [main] SetUp:46 - Entered getValue method
2022-01-23 17:12:20,699  INFO [main] SetUp:46 - Entered getValue method
2022-01-23 17:12:20,699  INFO [main] SetUp:46 - Entered getValue method
2022-01-23 17:12:20,699  INFO [main] SetUp:46 - Entered getValue method
2022-01-23 17:12:20,699  INFO [main] SetUp:46 - Entered getValue method
2022-01-23 17:12:20,699  INFO [main] SetUp:46 - Entered getValue method
2022-01-23 17:12:20,699  INFO [main] SetUp:46 - Entered getValue method
2022-01-23 17:12:20,700  INFO [main] SetUp:46 - Entered getValue method
2022-01-23 17:12:20,700  INFO [main] SetUp:46 - Entered getValue method
2022-01-23 17:12:20,700  INFO [main] SetUp:46 - Entered getValue method
2022-01-23 17:12:20,700  INFO [main] SetUp:46 - Entered getValue method
2022-01-23 17:12:20,700  INFO [main] SetUp:46 - Entered getValue method
2022-01-23 17:12:20,700  INFO [main] SetUp:46 - Entered getValue method
2022-01-23 17:12:20,700  INFO [main] SetUp:46 - Entered getValue method
2022-01-23 17:12:20,701  INFO [main] SetUp:46 - Entered getValue method
2022-01-23 17:12:20,701  INFO [main] SetUp:46 - Entered getValue method
2022-01-23 17:12:20,701  INFO [main] SetUp:46 - Entered getValue method
2022-01-23 17:12:20,701  INFO [main] SetUp:46 - Entered getValue method
2022-01-23 17:12:20,701  INFO [main] SetUp:46 - Entered getValue method
2022-01-23 17:12:20,701  INFO [main] SetUp:46 - Entered getValue method
2022-01-23 17:12:20,701  INFO [main] SetUp:46 - Entered getValue method
2022-01-23 17:12:20,702  INFO [main] SetUp:46 - Entered getValue method
2022-01-23 17:12:20,702  INFO [main] SetUp:46 - Entered getValue method
2022-01-23 17:12:20,702  INFO [main] SetUp:46 - Entered getValue method
2022-01-23 17:12:20,702  INFO [main] SetUp:46 - Entered getValue method
2022-01-23 17:12:20,703  INFO [main] SetUp:46 - Entered getValue method
2022-01-23 17:12:20,703  INFO [main] SetUp:46 - Entered getValue method
2022-01-23 17:12:20,703  INFO [main] SetUp:46 - Entered getValue method
2022-01-23 17:12:20,704  INFO [main] SetUp:46 - Entered getValue method
2022-01-23 17:12:20,704  INFO [main] SetUp:46 - Entered getValue method
2022-01-23 17:12:20,704  INFO [main] SetUp:46 - Entered getValue method
2022-01-23 17:12:20,704  INFO [main] SetUp:46 - Entered getValue method
2022-01-23 17:12:20,704  INFO [main] SetUp:46 - Entered getValue method
2022-01-23 17:12:20,704  INFO [main] SetUp:46 - Entered getValue method
2022-01-23 17:12:20,704  INFO [main] SetUp:46 - Entered getValue method
2022-01-23 17:12:20,705  INFO [main] SetUp:46 - Entered getValue method
2022-01-23 17:12:20,705  INFO [main] SetUp:46 - Entered getValue method
2022-01-23 17:12:20,705  INFO [main] SetUp:46 - Entered getValue method
2022-01-23 17:12:20,705  INFO [main] SetUp:46 - Entered getValue method
2022-01-23 17:12:20,705  INFO [main] SetUp:46 - Entered getValue method
2022-01-23 17:12:20,706  INFO [main] SetUp:46 - Entered getValue method
2022-01-23 17:12:20,706  INFO [main] SetUp:46 - Entered getValue method
2022-01-23 17:12:20,706  INFO [main] SetUp:46 - Entered getValue method
2022-01-23 17:12:20,706  INFO [main] SetUp:46 - Entered getValue method
2022-01-23 17:12:20,706  INFO [main] SetUp:46 - Entered getValue method
2022-01-23 17:12:20,706  INFO [main] SetUp:46 - Entered getValue method
2022-01-23 17:12:20,707  INFO [main] SetUp:46 - Entered getValue method
2022-01-23 17:12:20,707  INFO [main] SetUp:46 - Entered getValue method
2022-01-23 17:12:20,707  INFO [main] SetUp:46 - Entered getValue method
2022-01-23 17:12:20,707  INFO [main] SetUp:46 - Entered getValue method
2022-01-23 17:12:20,707  INFO [main] SetUp:46 - Entered getValue method
2022-01-23 17:12:20,707  INFO [main] SetUp:46 - Entered getValue method
2022-01-23 17:12:20,707  INFO [main] SetUp:46 - Entered getValue method
2022-01-23 17:12:20,707  INFO [main] SetUp:46 - Entered getValue method
2022-01-23 17:12:20,708  INFO [main] SetUp:46 - Entered getValue method
2022-01-23 17:12:20,708  INFO [main] SetUp:46 - Entered getValue method
2022-01-23 17:12:20,708  INFO [main] SetUp:46 - Entered getValue method
2022-01-23 17:12:20,708  INFO [main] SetUp:46 - Entered getValue method
2022-01-23 17:12:20,709  INFO [main] SetUp:46 - Entered getValue method
2022-01-23 17:12:20,709  INFO [main] SetUp:46 - Entered getValue method
2022-01-23 17:12:20,709  INFO [main] SetUp:46 - Entered getValue method
2022-01-23 17:12:20,710  INFO [main] SetUp:46 - Entered getValue method
2022-01-23 17:12:20,710  INFO [main] SetUp:46 - Entered getValue method
2022-01-23 17:12:20,710  INFO [main] SetUp:30 - Entered readExcel method
2022-01-23 17:12:20,717  INFO [main] SetUp:60 - Entered writeCell method
2022-01-23 17:12:20,728  INFO [main] SetUp:60 - Entered writeCell method
2022-01-23 17:12:20,736  INFO [main] SetUp:60 - Entered writeCell method
2022-01-23 17:12:20,745  INFO [main] SetUp:46 - Entered getValue method
2022-01-23 17:12:20,745  INFO [main] SetUp:46 - Entered getValue method
2022-01-23 17:12:20,745  INFO [main] SetUp:46 - Entered getValue method
2022-01-23 17:12:20,745  INFO [main] SetUp:46 - Entered getValue method
2022-01-23 17:12:20,745  INFO [main] SetUp:46 - Entered getValue method
2022-01-23 17:12:20,745  INFO [main] SetUp:46 - Entered getValue method
2022-01-23 17:12:20,746  INFO [main] SetUp:46 - Entered getValue method
2022-01-23 17:12:20,746  INFO [main] SetUp:46 - Entered getValue method
2022-01-23 17:12:20,746  INFO [main] SetUp:46 - Entered getValue method
2022-01-23 17:12:20,746  INFO [main] SetUp:46 - Entered getValue method
2022-01-23 17:12:20,958  INFO [main] SetUp:253 - Entered addNursery method
2022-01-23 17:12:24,667  INFO [main] SetUp:263 - File uploaded successfully
2022-01-23 17:12:26,883  INFO [main] SetUp:333 - Entered addOwner Method
2022-01-23 17:12:33,533  INFO [main] SetUp:289 - Entered addNurseryNonMandatoryFields Method
2022-01-23 17:12:57,577  INFO [main] SetUp:452 - Assertion passed
2022-01-23 17:12:57,583  INFO [main] SetUp:118 - enter testReportResult method 
2022-01-23 17:12:57,785  INFO [main] SetUp:30 - Entered readExcel method
2022-01-23 17:12:57,791  INFO [main] SetUp:466 - Entered AddNurseryWithOnlinePayment test
2022-01-23 17:12:57,791  INFO [main] SetUp:60 - Entered writeCell method
2022-01-23 17:12:57,800  INFO [main] SetUp:46 - Entered getValue method
2022-01-23 17:12:57,801  INFO [main] SetUp:60 - Entered writeCell method
2022-01-23 17:12:57,806  INFO [main] SetUp:60 - Entered writeCell method
2022-01-23 17:12:57,814  INFO [main] SetUp:60 - Entered writeCell method
2022-01-23 17:12:57,823  INFO [main] SetUp:46 - Entered getValue method
2022-01-23 17:12:57,823  INFO [main] SetUp:46 - Entered getValue method
2022-01-23 17:12:57,823  INFO [main] SetUp:46 - Entered getValue method
2022-01-23 17:12:57,823  INFO [main] SetUp:46 - Entered getValue method
2022-01-23 17:12:57,823  INFO [main] SetUp:46 - Entered getValue method
2022-01-23 17:12:57,823  INFO [main] SetUp:46 - Entered getValue method
2022-01-23 17:12:57,824  INFO [main] SetUp:46 - Entered getValue method
2022-01-23 17:12:57,824  INFO [main] SetUp:46 - Entered getValue method
2022-01-23 17:12:57,824  INFO [main] SetUp:46 - Entered getValue method
2022-01-23 17:12:57,824  INFO [main] SetUp:46 - Entered getValue method
2022-01-23 17:12:57,824  INFO [main] SetUp:46 - Entered getValue method
2022-01-23 17:12:57,824  INFO [main] SetUp:46 - Entered getValue method
2022-01-23 17:12:57,824  INFO [main] SetUp:46 - Entered getValue method
2022-01-23 17:12:57,825  INFO [main] SetUp:46 - Entered getValue method
2022-01-23 17:12:57,825  INFO [main] SetUp:46 - Entered getValue method
2022-01-23 17:12:57,825  INFO [main] SetUp:46 - Entered getValue method
2022-01-23 17:12:57,825  INFO [main] SetUp:46 - Entered getValue method
2022-01-23 17:12:57,825  INFO [main] SetUp:46 - Entered getValue method
2022-01-23 17:12:57,825  INFO [main] SetUp:46 - Entered getValue method
2022-01-23 17:12:57,826  INFO [main] SetUp:46 - Entered getValue method
2022-01-23 17:13:07,082  INFO [main] SetUp:224 - scroll down
2022-01-23 17:13:24,015  INFO [main] SetUp:224 - scroll down
2022-01-23 17:13:27,762  INFO [main] SetUp:547 - Assertion passed
2022-01-23 17:13:27,768  INFO [main] SetUp:118 - enter testReportResult method 
2022-01-23 17:13:28,049  INFO [main] SetUp:560 - Entered verifyAddNurserywithAllFields test
2022-01-23 17:13:28,049  INFO [main] SetUp:30 - Entered readExcel method
2022-01-23 17:13:28,056  INFO [main] SetUp:60 - Entered writeCell method
2022-01-23 17:13:28,066  INFO [main] SetUp:60 - Entered writeCell method
2022-01-23 17:13:28,076  INFO [main] SetUp:60 - Entered writeCell method
2022-01-23 17:13:28,086  INFO [main] SetUp:60 - Entered writeCell method
2022-01-23 17:13:28,096  INFO [main] SetUp:60 - Entered writeCell method
2022-01-23 17:13:28,106  INFO [main] SetUp:60 - Entered writeCell method
2022-01-23 17:13:28,116  INFO [main] SetUp:60 - Entered writeCell method
2022-01-23 17:13:28,126  INFO [main] SetUp:60 - Entered writeCell method
2022-01-23 17:13:28,135  INFO [main] SetUp:60 - Entered writeCell method
2022-01-23 17:13:28,147  INFO [main] SetUp:60 - Entered writeCell method
2022-01-23 17:13:28,158  INFO [main] SetUp:60 - Entered writeCell method
2022-01-23 17:13:28,167  INFO [main] SetUp:60 - Entered writeCell method
2022-01-23 17:13:28,177  INFO [main] SetUp:60 - Entered writeCell method
2022-01-23 17:13:28,185  INFO [main] SetUp:60 - Entered writeCell method
2022-01-23 17:13:28,192  INFO [main] SetUp:60 - Entered writeCell method
2022-01-23 17:13:28,201  INFO [main] SetUp:60 - Entered writeCell method
2022-01-23 17:13:28,209  INFO [main] SetUp:60 - Entered writeCell method
2022-01-23 17:13:28,217  INFO [main] SetUp:46 - Entered getValue method
2022-01-23 17:13:28,217  INFO [main] SetUp:60 - Entered writeCell method
2022-01-23 17:13:28,225  INFO [main] SetUp:60 - Entered writeCell method
2022-01-23 17:13:28,232  INFO [main] SetUp:60 - Entered writeCell method
2022-01-23 17:13:28,241  INFO [main] SetUp:46 - Entered getValue method
2022-01-23 17:13:28,241  INFO [main] SetUp:46 - Entered getValue method
2022-01-23 17:13:28,241  INFO [main] SetUp:46 - Entered getValue method
2022-01-23 17:13:28,241  INFO [main] SetUp:46 - Entered getValue method
2022-01-23 17:13:28,242  INFO [main] SetUp:46 - Entered getValue method
2022-01-23 17:13:28,242  INFO [main] SetUp:46 - Entered getValue method
2022-01-23 17:13:28,242  INFO [main] SetUp:46 - Entered getValue method
2022-01-23 17:13:28,242  INFO [main] SetUp:46 - Entered getValue method
2022-01-23 17:13:28,242  INFO [main] SetUp:46 - Entered getValue method
2022-01-23 17:13:28,242  INFO [main] SetUp:46 - Entered getValue method
2022-01-23 17:13:28,242  INFO [main] SetUp:46 - Entered getValue method
2022-01-23 17:13:28,242  INFO [main] SetUp:46 - Entered getValue method
2022-01-23 17:13:28,243  INFO [main] SetUp:46 - Entered getValue method
2022-01-23 17:13:28,243  INFO [main] SetUp:46 - Entered getValue method
2022-01-23 17:13:28,243  INFO [main] SetUp:46 - Entered getValue method
2022-01-23 17:13:28,243  INFO [main] SetUp:46 - Entered getValue method
2022-01-23 17:13:28,243  INFO [main] SetUp:46 - Entered getValue method
2022-01-23 17:13:28,243  INFO [main] SetUp:46 - Entered getValue method
2022-01-23 17:13:28,243  INFO [main] SetUp:46 - Entered getValue method
2022-01-23 17:13:28,243  INFO [main] SetUp:46 - Entered getValue method
2022-01-23 17:13:28,244  INFO [main] SetUp:46 - Entered getValue method
2022-01-23 17:13:28,244  INFO [main] SetUp:46 - Entered getValue method
2022-01-23 17:13:28,244  INFO [main] SetUp:46 - Entered getValue method
2022-01-23 17:13:28,244  INFO [main] SetUp:46 - Entered getValue method
2022-01-23 17:13:28,244  INFO [main] SetUp:46 - Entered getValue method
2022-01-23 17:13:28,244  INFO [main] SetUp:46 - Entered getValue method
2022-01-23 17:13:28,244  INFO [main] SetUp:46 - Entered getValue method
2022-01-23 17:13:28,244  INFO [main] SetUp:46 - Entered getValue method
2022-01-23 17:13:28,245  INFO [main] SetUp:46 - Entered getValue method
2022-01-23 17:13:28,246  INFO [main] SetUp:46 - Entered getValue method
2022-01-23 17:13:28,246  INFO [main] SetUp:46 - Entered getValue method
2022-01-23 17:13:28,246  INFO [main] SetUp:46 - Entered getValue method
2022-01-23 17:13:28,246  INFO [main] SetUp:46 - Entered getValue method
2022-01-23 17:13:28,246  INFO [main] SetUp:46 - Entered getValue method
2022-01-23 17:13:28,246  INFO [main] SetUp:46 - Entered getValue method
2022-01-23 17:13:28,246  INFO [main] SetUp:46 - Entered getValue method
2022-01-23 17:13:28,246  INFO [main] SetUp:46 - Entered getValue method
2022-01-23 17:13:28,247  INFO [main] SetUp:46 - Entered getValue method
2022-01-23 17:13:28,247  INFO [main] SetUp:46 - Entered getValue method
2022-01-23 17:13:28,247  INFO [main] SetUp:46 - Entered getValue method
2022-01-23 17:13:28,247  INFO [main] SetUp:46 - Entered getValue method
2022-01-23 17:13:28,247  INFO [main] SetUp:46 - Entered getValue method
2022-01-23 17:13:28,247  INFO [main] SetUp:46 - Entered getValue method
2022-01-23 17:13:28,247  INFO [main] SetUp:46 - Entered getValue method
2022-01-23 17:13:28,247  INFO [main] SetUp:46 - Entered getValue method
2022-01-23 17:13:28,248  INFO [main] SetUp:46 - Entered getValue method
2022-01-23 17:13:28,248  INFO [main] SetUp:46 - Entered getValue method
2022-01-23 17:13:28,248  INFO [main] SetUp:46 - Entered getValue method
2022-01-23 17:13:28,248  INFO [main] SetUp:46 - Entered getValue method
2022-01-23 17:13:28,248  INFO [main] SetUp:46 - Entered getValue method
2022-01-23 17:13:28,248  INFO [main] SetUp:46 - Entered getValue method
2022-01-23 17:13:28,248  INFO [main] SetUp:46 - Entered getValue method
2022-01-23 17:13:28,248  INFO [main] SetUp:46 - Entered getValue method
2022-01-23 17:13:28,249  INFO [main] SetUp:46 - Entered getValue method
2022-01-23 17:13:28,249  INFO [main] SetUp:46 - Entered getValue method
2022-01-23 17:13:28,249  INFO [main] SetUp:46 - Entered getValue method
2022-01-23 17:13:28,249  INFO [main] SetUp:46 - Entered getValue method
2022-01-23 17:13:28,249  INFO [main] SetUp:46 - Entered getValue method
2022-01-23 17:13:28,249  INFO [main] SetUp:46 - Entered getValue method
2022-01-23 17:13:28,249  INFO [main] SetUp:46 - Entered getValue method
2022-01-23 17:13:28,250  INFO [main] SetUp:46 - Entered getValue method
2022-01-23 17:13:28,250  INFO [main] SetUp:46 - Entered getValue method
2022-01-23 17:13:28,250  INFO [main] SetUp:46 - Entered getValue method
2022-01-23 17:13:28,250  INFO [main] SetUp:46 - Entered getValue method
2022-01-23 17:13:28,250  INFO [main] SetUp:46 - Entered getValue method
2022-01-23 17:13:28,250  INFO [main] SetUp:46 - Entered getValue method
2022-01-23 17:13:28,250  INFO [main] SetUp:46 - Entered getValue method
2022-01-23 17:13:28,250  INFO [main] SetUp:46 - Entered getValue method
2022-01-23 17:13:28,251  INFO [main] SetUp:46 - Entered getValue method
2022-01-23 17:13:28,251  INFO [main] SetUp:46 - Entered getValue method
2022-01-23 17:13:28,251  INFO [main] SetUp:46 - Entered getValue method
2022-01-23 17:13:28,251  INFO [main] SetUp:46 - Entered getValue method
2022-01-23 17:13:28,251  INFO [main] SetUp:46 - Entered getValue method
2022-01-23 17:13:28,251  INFO [main] SetUp:46 - Entered getValue method
2022-01-23 17:13:28,251  INFO [main] SetUp:46 - Entered getValue method
2022-01-23 17:13:28,251  INFO [main] SetUp:46 - Entered getValue method
2022-01-23 17:13:28,252  INFO [main] SetUp:46 - Entered getValue method
2022-01-23 17:13:28,252  INFO [main] SetUp:46 - Entered getValue method
2022-01-23 17:13:28,252  INFO [main] SetUp:46 - Entered getValue method
2022-01-23 17:13:28,252  INFO [main] SetUp:46 - Entered getValue method
2022-01-23 17:13:28,252  INFO [main] SetUp:46 - Entered getValue method
2022-01-23 17:13:28,252  INFO [main] SetUp:46 - Entered getValue method
2022-01-23 17:13:28,252  INFO [main] SetUp:46 - Entered getValue method
2022-01-23 17:13:28,252  INFO [main] SetUp:46 - Entered getValue method
2022-01-23 17:13:28,253  INFO [main] SetUp:46 - Entered getValue method
2022-01-23 17:13:28,253  INFO [main] SetUp:46 - Entered getValue method
2022-01-23 17:13:28,253  INFO [main] SetUp:46 - Entered getValue method
2022-01-23 17:13:28,253  INFO [main] SetUp:46 - Entered getValue method
2022-01-23 17:13:28,253  INFO [main] SetUp:46 - Entered getValue method
2022-01-23 17:13:28,253  INFO [main] SetUp:46 - Entered getValue method
2022-01-23 17:13:28,254  INFO [main] SetUp:46 - Entered getValue method
2022-01-23 17:13:28,254  INFO [main] SetUp:46 - Entered getValue method
2022-01-23 17:13:28,254  INFO [main] SetUp:46 - Entered getValue method
2022-01-23 17:13:28,254  INFO [main] SetUp:46 - Entered getValue method
2022-01-23 17:13:28,254  INFO [main] SetUp:46 - Entered getValue method
2022-01-23 17:13:28,254  INFO [main] SetUp:46 - Entered getValue method
2022-01-23 17:13:28,254  INFO [main] SetUp:46 - Entered getValue method
2022-01-23 17:13:28,255  INFO [main] SetUp:46 - Entered getValue method
2022-01-23 17:13:28,255  INFO [main] SetUp:46 - Entered getValue method
2022-01-23 17:13:28,255  INFO [main] SetUp:46 - Entered getValue method
2022-01-23 17:13:28,255  INFO [main] SetUp:46 - Entered getValue method
2022-01-23 17:13:28,255  INFO [main] SetUp:46 - Entered getValue method
2022-01-23 17:13:28,255  INFO [main] SetUp:46 - Entered getValue method
2022-01-23 17:13:28,255  INFO [main] SetUp:30 - Entered readExcel method
2022-01-23 17:13:28,261  INFO [main] SetUp:60 - Entered writeCell method
2022-01-23 17:13:28,272  INFO [main] SetUp:60 - Entered writeCell method
2022-01-23 17:13:28,285  INFO [main] SetUp:60 - Entered writeCell method
2022-01-23 17:13:28,293  INFO [main] SetUp:46 - Entered getValue method
2022-01-23 17:13:28,293  INFO [main] SetUp:46 - Entered getValue method
2022-01-23 17:13:28,294  INFO [main] SetUp:46 - Entered getValue method
2022-01-23 17:13:28,294  INFO [main] SetUp:46 - Entered getValue method
2022-01-23 17:13:28,294  INFO [main] SetUp:46 - Entered getValue method
2022-01-23 17:13:28,294  INFO [main] SetUp:46 - Entered getValue method
2022-01-23 17:13:28,294  INFO [main] SetUp:46 - Entered getValue method
2022-01-23 17:13:28,294  INFO [main] SetUp:46 - Entered getValue method
2022-01-23 17:13:28,294  INFO [main] SetUp:46 - Entered getValue method
2022-01-23 17:13:28,295  INFO [main] SetUp:46 - Entered getValue method
2022-01-23 17:13:28,498  INFO [main] SetUp:253 - Entered addNursery method
2022-01-23 17:13:31,983  INFO [main] SetUp:263 - File uploaded successfully
2022-01-23 17:13:34,009  INFO [main] SetUp:333 - Entered addOwner Method
2022-01-23 17:13:40,097  INFO [main] SetUp:289 - Entered addNurseryNonMandatoryFields Method
2022-01-23 17:13:50,666  INFO [main] SetUp:224 - scroll down
2022-01-23 17:13:55,942  INFO [main] SetUp:224 - scroll down
2022-01-23 17:14:09,226  INFO [main] SetUp:224 - scroll down
2022-01-23 17:14:13,792  INFO [main] SetUp:706 - Assertion passed
2022-01-23 17:14:13,798  INFO [main] SetUp:118 - enter testReportResult method 
2022-01-23 17:14:14,051  INFO [main] SetUp:718 - Entered listandViewNurseryDetails test
2022-01-23 17:14:14,051  INFO [main] SetUp:30 - Entered readExcel method
2022-01-23 17:14:14,057  INFO [main] SetUp:46 - Entered getValue method
2022-01-23 17:14:14,057  INFO [main] SetUp:46 - Entered getValue method
2022-01-23 17:14:14,057  INFO [main] SetUp:46 - Entered getValue method
2022-01-23 17:14:14,057  INFO [main] SetUp:46 - Entered getValue method
2022-01-23 17:14:14,057  INFO [main] SetUp:46 - Entered getValue method
2022-01-23 17:14:14,057  INFO [main] SetUp:46 - Entered getValue method
2022-01-23 17:14:14,057  INFO [main] SetUp:46 - Entered getValue method
2022-01-23 17:14:14,057  INFO [main] SetUp:46 - Entered getValue method
2022-01-23 17:14:14,057  INFO [main] SetUp:46 - Entered getValue method
2022-01-23 17:14:24,266  INFO [main] SetUp:46 - Entered getValue method
2022-01-23 17:14:24,266  INFO [main] SetUp:46 - Entered getValue method
2022-01-23 17:14:24,267  INFO [main] SetUp:46 - Entered getValue method
2022-01-23 17:14:24,267  INFO [main] SetUp:46 - Entered getValue method
2022-01-23 17:14:24,267  INFO [main] SetUp:46 - Entered getValue method
2022-01-23 17:14:24,267  INFO [main] SetUp:46 - Entered getValue method
2022-01-23 17:14:24,267  INFO [main] SetUp:46 - Entered getValue method
2022-01-23 17:14:24,267  INFO [main] SetUp:46 - Entered getValue method
2022-01-23 17:14:24,268  INFO [main] SetUp:46 - Entered getValue method
2022-01-23 17:14:24,268  INFO [main] SetUp:46 - Entered getValue method
2022-01-23 17:14:24,268  INFO [main] SetUp:46 - Entered getValue method
2022-01-23 17:14:24,268  INFO [main] SetUp:46 - Entered getValue method
2022-01-23 17:14:24,268  INFO [main] SetUp:46 - Entered getValue method
2022-01-23 17:14:24,269  INFO [main] SetUp:46 - Entered getValue method
2022-01-23 17:14:24,269  INFO [main] SetUp:46 - Entered getValue method
2022-01-23 17:14:24,269  INFO [main] SetUp:46 - Entered getValue method
2022-01-23 17:14:24,269  INFO [main] SetUp:46 - Entered getValue method
2022-01-23 17:14:24,269  INFO [main] SetUp:46 - Entered getValue method
2022-01-23 17:14:24,270  INFO [main] SetUp:46 - Entered getValue method
2022-01-23 17:14:24,270  INFO [main] SetUp:46 - Entered getValue method
2022-01-23 17:14:24,270  INFO [main] SetUp:46 - Entered getValue method
2022-01-23 17:14:24,270  INFO [main] SetUp:46 - Entered getValue method
2022-01-23 17:14:24,270  INFO [main] SetUp:46 - Entered getValue method
2022-01-23 17:14:24,270  INFO [main] SetUp:46 - Entered getValue method
2022-01-23 17:14:24,271  INFO [main] SetUp:46 - Entered getValue method
2022-01-23 17:14:24,271  INFO [main] SetUp:46 - Entered getValue method
2022-01-23 17:14:24,271  INFO [main] SetUp:46 - Entered getValue method
2022-01-23 17:14:24,271  INFO [main] SetUp:46 - Entered getValue method
2022-01-23 17:14:24,271  INFO [main] SetUp:46 - Entered getValue method
2022-01-23 17:14:24,271  INFO [main] SetUp:46 - Entered getValue method
2022-01-23 17:14:24,272  INFO [main] SetUp:46 - Entered getValue method
2022-01-23 17:14:24,272  INFO [main] SetUp:46 - Entered getValue method
2022-01-23 17:14:24,272  INFO [main] SetUp:46 - Entered getValue method
2022-01-23 17:14:24,272  INFO [main] SetUp:30 - Entered readExcel method
2022-01-23 17:14:24,280  INFO [main] SetUp:46 - Entered getValue method
2022-01-23 17:14:24,280  INFO [main] SetUp:46 - Entered getValue method
2022-01-23 17:14:24,281  INFO [main] SetUp:46 - Entered getValue method
2022-01-23 17:14:24,281  INFO [main] SetUp:46 - Entered getValue method
2022-01-23 17:14:24,281  INFO [main] SetUp:46 - Entered getValue method
2022-01-23 17:14:34,562  INFO [main] SetUp:118 - enter testReportResult method 
2022-01-23 17:14:34,803  INFO [main] SetUp:30 - Entered readExcel method
2022-01-23 17:14:34,808  INFO [main] SetUp:832 - Entered editNursery test
2022-01-23 17:14:34,808  INFO [main] SetUp:46 - Entered getValue method
2022-01-23 17:14:34,809  INFO [main] SetUp:46 - Entered getValue method
2022-01-23 17:14:34,809  INFO [main] SetUp:46 - Entered getValue method
2022-01-23 17:14:34,809  INFO [main] SetUp:46 - Entered getValue method
2022-01-23 17:14:34,809  INFO [main] SetUp:46 - Entered getValue method
2022-01-23 17:14:37,683  INFO [main] SetUp:46 - Entered getValue method
2022-01-23 17:14:37,683  INFO [main] SetUp:46 - Entered getValue method
2022-01-23 17:14:37,683  INFO [main] SetUp:46 - Entered getValue method
2022-01-23 17:14:37,683  INFO [main] SetUp:46 - Entered getValue method
2022-01-23 17:14:37,684  INFO [main] SetUp:46 - Entered getValue method
2022-01-23 17:14:37,684  INFO [main] SetUp:46 - Entered getValue method
2022-01-23 17:14:42,070  INFO [main] SetUp:30 - Entered readExcel method
2022-01-23 17:14:42,073  INFO [main] SetUp:60 - Entered writeCell method
2022-01-23 17:14:42,080  INFO [main] SetUp:60 - Entered writeCell method
2022-01-23 17:14:42,089  INFO [main] SetUp:60 - Entered writeCell method
2022-01-23 17:14:42,096  INFO [main] SetUp:46 - Entered getValue method
2022-01-23 17:14:42,096  INFO [main] SetUp:46 - Entered getValue method
2022-01-23 17:14:42,096  INFO [main] SetUp:46 - Entered getValue method
2022-01-23 17:14:42,096  INFO [main] SetUp:46 - Entered getValue method
2022-01-23 17:14:42,097  INFO [main] SetUp:46 - Entered getValue method
2022-01-23 17:14:42,097  INFO [main] SetUp:333 - Entered addOwner Method
2022-01-23 17:14:55,556  INFO [main] SetUp:899 - Assertion passed
2022-01-23 17:14:55,559  INFO [main] SetUp:118 - enter testReportResult method 
2022-01-23 17:14:56,782  INFO [main] SetUp:30 - Entered readExcel method
2022-01-23 17:14:56,787  INFO [main] SetUp:50 - Entered logIn method
2022-01-23 17:15:01,164  INFO [main] SetUp:65 - Entered verifyMandatoryMsg test
2022-01-23 17:15:06,360  INFO [main] SetUp:92 - Assertion passed
2022-01-23 17:15:06,361  INFO [main] SetUp:118 - enter testReportResult method 
2022-01-23 17:15:06,694  INFO [main] SetUp:103 - Entered addStaffAsBounceAdmin test
2022-01-23 17:15:06,894  INFO [main] SetUp:60 - Entered writeCell method
2022-01-23 17:15:06,910  INFO [main] SetUp:60 - Entered writeCell method
2022-01-23 17:15:06,918  INFO [main] SetUp:60 - Entered writeCell method
2022-01-23 17:15:06,925  INFO [main] SetUp:60 - Entered writeCell method
2022-01-23 17:15:06,935  INFO [main] SetUp:60 - Entered writeCell method
2022-01-23 17:15:06,942  INFO [main] SetUp:46 - Entered getValue method
2022-01-23 17:15:06,942  INFO [main] SetUp:46 - Entered getValue method
2022-01-23 17:15:06,942  INFO [main] SetUp:46 - Entered getValue method
2022-01-23 17:15:06,942  INFO [main] SetUp:46 - Entered getValue method
2022-01-23 17:15:06,942  INFO [main] SetUp:46 - Entered getValue method
2022-01-23 17:15:06,943  INFO [main] SetUp:46 - Entered getValue method
2022-01-23 17:15:06,943  INFO [main] SetUp:46 - Entered getValue method
2022-01-23 17:15:06,943  INFO [main] SetUp:46 - Entered getValue method
2022-01-23 17:15:06,943  INFO [main] SetUp:46 - Entered getValue method
2022-01-23 17:15:06,943  INFO [main] SetUp:46 - Entered getValue method
2022-01-23 17:15:06,944  INFO [main] SetUp:46 - Entered getValue method
2022-01-23 17:15:06,944  INFO [main] SetUp:46 - Entered getValue method
2022-01-23 17:15:15,886  INFO [main] SetUp:150 - Assertion passed
2022-01-23 17:15:15,889  INFO [main] SetUp:118 - enter testReportResult method 
2022-01-23 17:15:16,202  INFO [main] SetUp:162 - Entered addStaffAsCustomerSupportAgent test
2022-01-23 17:15:16,494  INFO [main] SetUp:60 - Entered writeCell method
2022-01-23 17:15:16,512  INFO [main] SetUp:60 - Entered writeCell method
2022-01-23 17:15:16,526  INFO [main] SetUp:60 - Entered writeCell method
2022-01-23 17:15:16,540  INFO [main] SetUp:60 - Entered writeCell method
2022-01-23 17:15:16,555  INFO [main] SetUp:60 - Entered writeCell method
2022-01-23 17:15:16,570  INFO [main] SetUp:46 - Entered getValue method
2022-01-23 17:15:16,570  INFO [main] SetUp:46 - Entered getValue method
2022-01-23 17:15:16,570  INFO [main] SetUp:46 - Entered getValue method
2022-01-23 17:15:16,570  INFO [main] SetUp:46 - Entered getValue method
2022-01-23 17:15:16,570  INFO [main] SetUp:46 - Entered getValue method
2022-01-23 17:15:16,571  INFO [main] SetUp:46 - Entered getValue method
2022-01-23 17:15:16,571  INFO [main] SetUp:46 - Entered getValue method
2022-01-23 17:15:16,571  INFO [main] SetUp:46 - Entered getValue method
2022-01-23 17:15:16,571  INFO [main] SetUp:46 - Entered getValue method
2022-01-23 17:15:16,572  INFO [main] SetUp:46 - Entered getValue method
2022-01-23 17:15:16,572  INFO [main] SetUp:46 - Entered getValue method
2022-01-23 17:15:16,573  INFO [main] SetUp:46 - Entered getValue method
2022-01-23 17:15:27,414  INFO [main] SetUp:211 - Assertion passed
2022-01-23 17:15:27,417  INFO [main] SetUp:118 - enter testReportResult method 
2022-01-23 17:15:27,723  INFO [main] SetUp:222 - Entered addStaffAsSupportAgent test
2022-01-23 17:15:27,969  INFO [main] SetUp:60 - Entered writeCell method
2022-01-23 17:15:27,978  INFO [main] SetUp:60 - Entered writeCell method
2022-01-23 17:15:27,987  INFO [main] SetUp:60 - Entered writeCell method
2022-01-23 17:15:27,998  INFO [main] SetUp:60 - Entered writeCell method
2022-01-23 17:15:28,007  INFO [main] SetUp:60 - Entered writeCell method
2022-01-23 17:15:28,016  INFO [main] SetUp:46 - Entered getValue method
2022-01-23 17:15:28,016  INFO [main] SetUp:46 - Entered getValue method
2022-01-23 17:15:28,016  INFO [main] SetUp:46 - Entered getValue method
2022-01-23 17:15:28,016  INFO [main] SetUp:46 - Entered getValue method
2022-01-23 17:15:28,016  INFO [main] SetUp:46 - Entered getValue method
2022-01-23 17:15:28,017  INFO [main] SetUp:46 - Entered getValue method
2022-01-23 17:15:28,017  INFO [main] SetUp:46 - Entered getValue method
2022-01-23 17:15:28,017  INFO [main] SetUp:46 - Entered getValue method
2022-01-23 17:15:28,017  INFO [main] SetUp:46 - Entered getValue method
2022-01-23 17:15:28,017  INFO [main] SetUp:46 - Entered getValue method
2022-01-23 17:15:28,017  INFO [main] SetUp:46 - Entered getValue method
2022-01-23 17:15:28,018  INFO [main] SetUp:46 - Entered getValue method
2022-01-23 17:15:38,386  INFO [main] SetUp:271 - Assertion passed
2022-01-23 17:15:38,388  INFO [main] SetUp:118 - enter testReportResult method 
2022-01-23 17:15:38,616  INFO [main] SetUp:282 - Entered addStaffAsTestAdmin test
2022-01-23 17:15:38,927  INFO [main] SetUp:60 - Entered writeCell method
2022-01-23 17:15:38,935  INFO [main] SetUp:60 - Entered writeCell method
2022-01-23 17:15:38,941  INFO [main] SetUp:60 - Entered writeCell method
2022-01-23 17:15:38,946  INFO [main] SetUp:60 - Entered writeCell method
2022-01-23 17:15:38,953  INFO [main] SetUp:60 - Entered writeCell method
2022-01-23 17:15:38,961  INFO [main] SetUp:46 - Entered getValue method
2022-01-23 17:15:38,961  INFO [main] SetUp:46 - Entered getValue method
2022-01-23 17:15:38,962  INFO [main] SetUp:46 - Entered getValue method
2022-01-23 17:15:38,962  INFO [main] SetUp:46 - Entered getValue method
2022-01-23 17:15:38,962  INFO [main] SetUp:46 - Entered getValue method
2022-01-23 17:15:38,962  INFO [main] SetUp:46 - Entered getValue method
2022-01-23 17:15:38,962  INFO [main] SetUp:46 - Entered getValue method
2022-01-23 17:15:38,962  INFO [main] SetUp:46 - Entered getValue method
2022-01-23 17:15:38,962  INFO [main] SetUp:46 - Entered getValue method
2022-01-23 17:15:38,962  INFO [main] SetUp:46 - Entered getValue method
2022-01-23 17:15:38,962  INFO [main] SetUp:46 - Entered getValue method
2022-01-23 17:15:38,963  INFO [main] SetUp:46 - Entered getValue method
2022-01-23 17:15:48,631  INFO [main] SetUp:331 - Assertion passed
2022-01-23 17:15:48,634  INFO [main] SetUp:118 - enter testReportResult method 
2022-01-23 17:15:48,875  INFO [main] SetUp:342 - Entered addStaffAsSupportAdmin test
2022-01-23 17:15:49,143  INFO [main] SetUp:60 - Entered writeCell method
2022-01-23 17:15:49,154  INFO [main] SetUp:60 - Entered writeCell method
2022-01-23 17:15:49,164  INFO [main] SetUp:60 - Entered writeCell method
2022-01-23 17:15:49,171  INFO [main] SetUp:60 - Entered writeCell method
2022-01-23 17:15:49,178  INFO [main] SetUp:60 - Entered writeCell method
2022-01-23 17:15:49,197  INFO [main] SetUp:46 - Entered getValue method
2022-01-23 17:15:49,198  INFO [main] SetUp:46 - Entered getValue method
2022-01-23 17:15:49,198  INFO [main] SetUp:46 - Entered getValue method
2022-01-23 17:15:49,198  INFO [main] SetUp:46 - Entered getValue method
2022-01-23 17:15:49,198  INFO [main] SetUp:46 - Entered getValue method
2022-01-23 17:15:49,198  INFO [main] SetUp:46 - Entered getValue method
2022-01-23 17:15:49,198  INFO [main] SetUp:46 - Entered getValue method
2022-01-23 17:15:49,199  INFO [main] SetUp:46 - Entered getValue method
2022-01-23 17:15:49,199  INFO [main] SetUp:46 - Entered getValue method
2022-01-23 17:15:49,199  INFO [main] SetUp:46 - Entered getValue method
2022-01-23 17:15:49,199  INFO [main] SetUp:46 - Entered getValue method
2022-01-23 17:15:49,200  INFO [main] SetUp:46 - Entered getValue method
2022-01-23 17:15:59,114  INFO [main] SetUp:391 - Assertion passed
2022-01-23 17:15:59,116  INFO [main] SetUp:118 - enter testReportResult method 
2022-01-23 17:15:59,305  INFO [main] SetUp:402 - Entered addStaffAsSupportAgentAssistant test
2022-01-23 17:15:59,434  INFO [main] SetUp:60 - Entered writeCell method
2022-01-23 17:15:59,440  INFO [main] SetUp:60 - Entered writeCell method
2022-01-23 17:15:59,451  INFO [main] SetUp:60 - Entered writeCell method
2022-01-23 17:15:59,470  INFO [main] SetUp:60 - Entered writeCell method
2022-01-23 17:15:59,476  INFO [main] SetUp:60 - Entered writeCell method
2022-01-23 17:15:59,482  INFO [main] SetUp:46 - Entered getValue method
2022-01-23 17:15:59,482  INFO [main] SetUp:46 - Entered getValue method
2022-01-23 17:15:59,482  INFO [main] SetUp:46 - Entered getValue method
2022-01-23 17:15:59,482  INFO [main] SetUp:46 - Entered getValue method
2022-01-23 17:15:59,482  INFO [main] SetUp:46 - Entered getValue method
2022-01-23 17:15:59,482  INFO [main] SetUp:46 - Entered getValue method
2022-01-23 17:15:59,482  INFO [main] SetUp:46 - Entered getValue method
2022-01-23 17:15:59,482  INFO [main] SetUp:46 - Entered getValue method
2022-01-23 17:15:59,483  INFO [main] SetUp:46 - Entered getValue method
2022-01-23 17:15:59,483  INFO [main] SetUp:46 - Entered getValue method
2022-01-23 17:15:59,483  INFO [main] SetUp:46 - Entered getValue method
2022-01-23 17:15:59,483  INFO [main] SetUp:46 - Entered getValue method
2022-01-23 17:16:09,219  INFO [main] SetUp:451 - Assertion passed
2022-01-23 17:16:09,222  INFO [main] SetUp:118 - enter testReportResult method 
2022-01-23 17:16:09,484  INFO [main] SetUp:462 - Entered addStaffAsFinance test
2022-01-23 17:16:09,668  INFO [main] SetUp:60 - Entered writeCell method
2022-01-23 17:16:09,677  INFO [main] SetUp:60 - Entered writeCell method
2022-01-23 17:16:09,686  INFO [main] SetUp:60 - Entered writeCell method
2022-01-23 17:16:09,695  INFO [main] SetUp:60 - Entered writeCell method
2022-01-23 17:16:09,703  INFO [main] SetUp:60 - Entered writeCell method
2022-01-23 17:16:09,711  INFO [main] SetUp:46 - Entered getValue method
2022-01-23 17:16:09,712  INFO [main] SetUp:46 - Entered getValue method
2022-01-23 17:16:09,712  INFO [main] SetUp:46 - Entered getValue method
2022-01-23 17:16:09,712  INFO [main] SetUp:46 - Entered getValue method
2022-01-23 17:16:09,712  INFO [main] SetUp:46 - Entered getValue method
2022-01-23 17:16:09,712  INFO [main] SetUp:46 - Entered getValue method
2022-01-23 17:16:09,712  INFO [main] SetUp:46 - Entered getValue method
2022-01-23 17:16:09,712  INFO [main] SetUp:46 - Entered getValue method
2022-01-23 17:16:09,712  INFO [main] SetUp:46 - Entered getValue method
2022-01-23 17:16:09,712  INFO [main] SetUp:46 - Entered getValue method
2022-01-23 17:16:09,712  INFO [main] SetUp:46 - Entered getValue method
2022-01-23 17:16:09,713  INFO [main] SetUp:46 - Entered getValue method
2022-01-23 17:16:19,944  INFO [main] SetUp:511 - Assertion passed
2022-01-23 17:16:19,947  INFO [main] SetUp:118 - enter testReportResult method 
2022-01-23 17:16:20,314  INFO [main] SetUp:523 - Entered addStaffWithBothRoles test
2022-01-23 17:16:20,612  INFO [main] SetUp:60 - Entered writeCell method
2022-01-23 17:16:20,628  INFO [main] SetUp:60 - Entered writeCell method
2022-01-23 17:16:20,642  INFO [main] SetUp:60 - Entered writeCell method
2022-01-23 17:16:20,656  INFO [main] SetUp:60 - Entered writeCell method
2022-01-23 17:16:20,670  INFO [main] SetUp:60 - Entered writeCell method
2022-01-23 17:16:20,683  INFO [main] SetUp:46 - Entered getValue method
2022-01-23 17:16:20,683  INFO [main] SetUp:46 - Entered getValue method
2022-01-23 17:16:20,685  INFO [main] SetUp:46 - Entered getValue method
2022-01-23 17:16:20,685  INFO [main] SetUp:46 - Entered getValue method
2022-01-23 17:16:20,685  INFO [main] SetUp:46 - Entered getValue method
2022-01-23 17:16:20,685  INFO [main] SetUp:46 - Entered getValue method
2022-01-23 17:16:20,685  INFO [main] SetUp:46 - Entered getValue method
2022-01-23 17:16:20,685  INFO [main] SetUp:46 - Entered getValue method
2022-01-23 17:16:20,686  INFO [main] SetUp:46 - Entered getValue method
2022-01-23 17:16:20,686  INFO [main] SetUp:46 - Entered getValue method
2022-01-23 17:16:20,686  INFO [main] SetUp:46 - Entered getValue method
2022-01-23 17:16:20,686  INFO [main] SetUp:46 - Entered getValue method
2022-01-23 17:16:20,686  INFO [main] SetUp:46 - Entered getValue method
2022-01-23 17:16:20,686  INFO [main] SetUp:46 - Entered getValue method
2022-01-23 17:16:20,686  INFO [main] SetUp:46 - Entered getValue method
2022-01-23 17:16:20,686  INFO [main] SetUp:46 - Entered getValue method
2022-01-23 17:16:20,686  INFO [main] SetUp:46 - Entered getValue method
2022-01-23 17:16:20,686  INFO [main] SetUp:46 - Entered getValue method
2022-01-23 17:16:20,687  INFO [main] SetUp:46 - Entered getValue method
2022-01-23 17:16:31,350  INFO [main] SetUp:578 - Assertion passed
2022-01-23 17:16:31,354  INFO [main] SetUp:118 - enter testReportResult method 
2022-01-23 17:16:32,575 DEBUG [main] cache:44 - Couldn't find template in cache for "spark/spark.spa.ftl"("en_IN", UTF-8, parsed); will try to load it.
2022-01-23 17:16:32,576 DEBUG [main] cache:44 - TemplateLoader.findTemplateSource("spark/spark.spa_en_IN.ftl"): Not found
2022-01-23 17:16:32,577 DEBUG [main] cache:44 - TemplateLoader.findTemplateSource("spark/spark.spa_en.ftl"): Not found
2022-01-23 17:16:32,579 DEBUG [main] cache:44 - TemplateLoader.findTemplateSource("spark/spark.spa.ftl"): Found
2022-01-23 17:16:32,579 DEBUG [main] cache:44 - Loading template for "spark/spark.spa.ftl"("en_IN", UTF-8, parsed) from "jar:file:/C:/Users/haseef/.m2/repository/com/aventstack/extentreports/4.1.5/extentreports-4.1.5.jar!/com/aventstack/extentreports/view/spark/spark.spa.ftl"
2022-01-23 17:16:32,799 DEBUG [main] cache:44 - Couldn't find template in cache for "commons/commons-variables.ftl"("en_IN", UTF-8, parsed); will try to load it.
2022-01-23 17:16:32,800 DEBUG [main] cache:44 - TemplateLoader.findTemplateSource("commons/commons-variables_en_IN.ftl"): Not found
2022-01-23 17:16:32,801 DEBUG [main] cache:44 - TemplateLoader.findTemplateSource("commons/commons-variables_en.ftl"): Not found
2022-01-23 17:16:32,801 DEBUG [main] cache:44 - TemplateLoader.findTemplateSource("commons/commons-variables.ftl"): Found
2022-01-23 17:16:32,801 DEBUG [main] cache:44 - Loading template for "commons/commons-variables.ftl"("en_IN", UTF-8, parsed) from "jar:file:/C:/Users/haseef/.m2/repository/com/aventstack/extentreports/4.1.5/extentreports-4.1.5.jar!/com/aventstack/extentreports/view/commons/commons-variables.ftl"
2022-01-23 17:16:32,879 DEBUG [main] cache:44 - Couldn't find template in cache for "commons/commons-macros.ftl"("en_IN", UTF-8, parsed); will try to load it.
2022-01-23 17:16:32,880 DEBUG [main] cache:44 - TemplateLoader.findTemplateSource("commons/commons-macros_en_IN.ftl"): Not found
2022-01-23 17:16:32,880 DEBUG [main] cache:44 - TemplateLoader.findTemplateSource("commons/commons-macros_en.ftl"): Not found
2022-01-23 17:16:32,881 DEBUG [main] cache:44 - TemplateLoader.findTemplateSource("commons/commons-macros.ftl"): Found
2022-01-23 17:16:32,882 DEBUG [main] cache:44 - Loading template for "commons/commons-macros.ftl"("en_IN", UTF-8, parsed) from "jar:file:/C:/Users/haseef/.m2/repository/com/aventstack/extentreports/4.1.5/extentreports-4.1.5.jar!/com/aventstack/extentreports/view/commons/commons-macros.ftl"
2022-01-23 17:16:32,897 DEBUG [main] cache:44 - Couldn't find template in cache for "spark/macros/attributes.ftl"("en_IN", UTF-8, parsed); will try to load it.
2022-01-23 17:16:32,898 DEBUG [main] cache:44 - TemplateLoader.findTemplateSource("spark/macros/attributes_en_IN.ftl"): Not found
2022-01-23 17:16:32,899 DEBUG [main] cache:44 - TemplateLoader.findTemplateSource("spark/macros/attributes_en.ftl"): Not found
2022-01-23 17:16:32,900 DEBUG [main] cache:44 - TemplateLoader.findTemplateSource("spark/macros/attributes.ftl"): Found
2022-01-23 17:16:32,900 DEBUG [main] cache:44 - Loading template for "spark/macros/attributes.ftl"("en_IN", UTF-8, parsed) from "jar:file:/C:/Users/haseef/.m2/repository/com/aventstack/extentreports/4.1.5/extentreports-4.1.5.jar!/com/aventstack/extentreports/view/spark/macros/attributes.ftl"
2022-01-23 17:16:32,902 DEBUG [main] cache:44 - Couldn't find template in cache for "spark/macros/log.ftl"("en_IN", UTF-8, parsed); will try to load it.
2022-01-23 17:16:32,903 DEBUG [main] cache:44 - TemplateLoader.findTemplateSource("spark/macros/log_en_IN.ftl"): Not found
2022-01-23 17:16:32,904 DEBUG [main] cache:44 - TemplateLoader.findTemplateSource("spark/macros/log_en.ftl"): Not found
2022-01-23 17:16:32,906 DEBUG [main] cache:44 - TemplateLoader.findTemplateSource("spark/macros/log.ftl"): Found
2022-01-23 17:16:32,906 DEBUG [main] cache:44 - Loading template for "spark/macros/log.ftl"("en_IN", UTF-8, parsed) from "jar:file:/C:/Users/haseef/.m2/repository/com/aventstack/extentreports/4.1.5/extentreports-4.1.5.jar!/com/aventstack/extentreports/view/spark/macros/log.ftl"
2022-01-23 17:16:32,908 DEBUG [main] cache:44 - Couldn't find template in cache for "spark/macros/recurse_nodes.ftl"("en_IN", UTF-8, parsed); will try to load it.
2022-01-23 17:16:32,909 DEBUG [main] cache:44 - TemplateLoader.findTemplateSource("spark/macros/recurse_nodes_en_IN.ftl"): Not found
2022-01-23 17:16:32,910 DEBUG [main] cache:44 - TemplateLoader.findTemplateSource("spark/macros/recurse_nodes_en.ftl"): Not found
2022-01-23 17:16:32,911 DEBUG [main] cache:44 - TemplateLoader.findTemplateSource("spark/macros/recurse_nodes.ftl"): Found
2022-01-23 17:16:32,911 DEBUG [main] cache:44 - Loading template for "spark/macros/recurse_nodes.ftl"("en_IN", UTF-8, parsed) from "jar:file:/C:/Users/haseef/.m2/repository/com/aventstack/extentreports/4.1.5/extentreports-4.1.5.jar!/com/aventstack/extentreports/view/spark/macros/recurse_nodes.ftl"
2022-01-23 17:16:32,914 DEBUG [main] cache:44 - "spark/macros/log.ftl"("en_IN", UTF-8, parsed) cached copy not yet stale; using cached.
2022-01-23 17:16:32,924 DEBUG [main] cache:44 - Couldn't find template in cache for "spark/partials/head.ftl"("en_IN", UTF-8, parsed); will try to load it.
2022-01-23 17:16:32,925 DEBUG [main] cache:44 - TemplateLoader.findTemplateSource("spark/partials/head_en_IN.ftl"): Not found
2022-01-23 17:16:32,925 DEBUG [main] cache:44 - TemplateLoader.findTemplateSource("spark/partials/head_en.ftl"): Not found
2022-01-23 17:16:32,926 DEBUG [main] cache:44 - TemplateLoader.findTemplateSource("spark/partials/head.ftl"): Found
2022-01-23 17:16:32,926 DEBUG [main] cache:44 - Loading template for "spark/partials/head.ftl"("en_IN", UTF-8, parsed) from "jar:file:/C:/Users/haseef/.m2/repository/com/aventstack/extentreports/4.1.5/extentreports-4.1.5.jar!/com/aventstack/extentreports/view/spark/partials/head.ftl"
2022-01-23 17:16:32,929 DEBUG [main] cache:44 - Couldn't find template in cache for "commons/commons-inject-css.ftl"("en_IN", UTF-8, parsed); will try to load it.
2022-01-23 17:16:32,929 DEBUG [main] cache:44 - TemplateLoader.findTemplateSource("commons/commons-inject-css_en_IN.ftl"): Not found
2022-01-23 17:16:32,930 DEBUG [main] cache:44 - TemplateLoader.findTemplateSource("commons/commons-inject-css_en.ftl"): Not found
2022-01-23 17:16:32,931 DEBUG [main] cache:44 - TemplateLoader.findTemplateSource("commons/commons-inject-css.ftl"): Found
2022-01-23 17:16:32,931 DEBUG [main] cache:44 - Loading template for "commons/commons-inject-css.ftl"("en_IN", UTF-8, parsed) from "jar:file:/C:/Users/haseef/.m2/repository/com/aventstack/extentreports/4.1.5/extentreports-4.1.5.jar!/com/aventstack/extentreports/view/commons/commons-inject-css.ftl"
2022-01-23 17:16:32,932 DEBUG [main] cache:44 - Couldn't find template in cache for "spark/partials/navbar.ftl"("en_IN", UTF-8, parsed); will try to load it.
2022-01-23 17:16:32,933 DEBUG [main] cache:44 - TemplateLoader.findTemplateSource("spark/partials/navbar_en_IN.ftl"): Not found
2022-01-23 17:16:32,933 DEBUG [main] cache:44 - TemplateLoader.findTemplateSource("spark/partials/navbar_en.ftl"): Not found
2022-01-23 17:16:32,933 DEBUG [main] cache:44 - TemplateLoader.findTemplateSource("spark/partials/navbar.ftl"): Found
2022-01-23 17:16:32,935 DEBUG [main] cache:44 - Loading template for "spark/partials/navbar.ftl"("en_IN", UTF-8, parsed) from "jar:file:/C:/Users/haseef/.m2/repository/com/aventstack/extentreports/4.1.5/extentreports-4.1.5.jar!/com/aventstack/extentreports/view/spark/partials/navbar.ftl"
2022-01-23 17:16:32,947 DEBUG [main] cache:44 - Couldn't find template in cache for "spark/partials/sidenav.ftl"("en_IN", UTF-8, parsed); will try to load it.
2022-01-23 17:16:32,948 DEBUG [main] cache:44 - TemplateLoader.findTemplateSource("spark/partials/sidenav_en_IN.ftl"): Not found
2022-01-23 17:16:32,948 DEBUG [main] cache:44 - TemplateLoader.findTemplateSource("spark/partials/sidenav_en.ftl"): Not found
2022-01-23 17:16:32,949 DEBUG [main] cache:44 - TemplateLoader.findTemplateSource("spark/partials/sidenav.ftl"): Found
2022-01-23 17:16:32,949 DEBUG [main] cache:44 - Loading template for "spark/partials/sidenav.ftl"("en_IN", UTF-8, parsed) from "jar:file:/C:/Users/haseef/.m2/repository/com/aventstack/extentreports/4.1.5/extentreports-4.1.5.jar!/com/aventstack/extentreports/view/spark/partials/sidenav.ftl"
2022-01-23 17:16:32,952 DEBUG [main] cache:44 - Couldn't find template in cache for "spark/partials/test.ftl"("en_IN", UTF-8, parsed); will try to load it.
2022-01-23 17:16:32,953 DEBUG [main] cache:44 - TemplateLoader.findTemplateSource("spark/partials/test_en_IN.ftl"): Not found
2022-01-23 17:16:32,953 DEBUG [main] cache:44 - TemplateLoader.findTemplateSource("spark/partials/test_en.ftl"): Not found
2022-01-23 17:16:32,954 DEBUG [main] cache:44 - TemplateLoader.findTemplateSource("spark/partials/test.ftl"): Found
2022-01-23 17:16:32,954 DEBUG [main] cache:44 - Loading template for "spark/partials/test.ftl"("en_IN", UTF-8, parsed) from "jar:file:/C:/Users/haseef/.m2/repository/com/aventstack/extentreports/4.1.5/extentreports-4.1.5.jar!/com/aventstack/extentreports/view/spark/partials/test.ftl"
2022-01-23 17:16:32,997 DEBUG [main] cache:44 - Couldn't find template in cache for "spark/partials/standard-content.ftl"("en_IN", UTF-8, parsed); will try to load it.
2022-01-23 17:16:32,997 DEBUG [main] cache:44 - TemplateLoader.findTemplateSource("spark/partials/standard-content_en_IN.ftl"): Not found
2022-01-23 17:16:32,998 DEBUG [main] cache:44 - TemplateLoader.findTemplateSource("spark/partials/standard-content_en.ftl"): Not found
2022-01-23 17:16:32,999 DEBUG [main] cache:44 - TemplateLoader.findTemplateSource("spark/partials/standard-content.ftl"): Found
2022-01-23 17:16:32,999 DEBUG [main] cache:44 - Loading template for "spark/partials/standard-content.ftl"("en_IN", UTF-8, parsed) from "jar:file:/C:/Users/haseef/.m2/repository/com/aventstack/extentreports/4.1.5/extentreports-4.1.5.jar!/com/aventstack/extentreports/view/spark/partials/standard-content.ftl"
2022-01-23 17:16:33,012 DEBUG [main] cache:44 - "spark/partials/standard-content.ftl"("en_IN", UTF-8, parsed) cached copy not yet stale; using cached.
2022-01-23 17:16:33,014 DEBUG [main] cache:44 - "spark/partials/standard-content.ftl"("en_IN", UTF-8, parsed) cached copy not yet stale; using cached.
2022-01-23 17:16:33,016 DEBUG [main] cache:44 - "spark/partials/standard-content.ftl"("en_IN", UTF-8, parsed) cached copy not yet stale; using cached.
2022-01-23 17:16:33,017 DEBUG [main] cache:44 - "spark/partials/standard-content.ftl"("en_IN", UTF-8, parsed) cached copy not yet stale; using cached.
2022-01-23 17:16:33,018 DEBUG [main] cache:44 - "spark/partials/standard-content.ftl"("en_IN", UTF-8, parsed) cached copy not yet stale; using cached.
2022-01-23 17:16:33,020 DEBUG [main] cache:44 - "spark/partials/standard-content.ftl"("en_IN", UTF-8, parsed) cached copy not yet stale; using cached.
2022-01-23 17:16:33,024 DEBUG [main] cache:44 - "spark/partials/standard-content.ftl"("en_IN", UTF-8, parsed) cached copy not yet stale; using cached.
2022-01-23 17:16:33,027 DEBUG [main] cache:44 - "spark/partials/standard-content.ftl"("en_IN", UTF-8, parsed) cached copy not yet stale; using cached.
2022-01-23 17:16:33,028 DEBUG [main] cache:44 - "spark/partials/standard-content.ftl"("en_IN", UTF-8, parsed) cached copy not yet stale; using cached.
2022-01-23 17:16:33,029 DEBUG [main] cache:44 - "spark/partials/standard-content.ftl"("en_IN", UTF-8, parsed) cached copy not yet stale; using cached.
2022-01-23 17:16:33,031 DEBUG [main] cache:44 - "spark/partials/standard-content.ftl"("en_IN", UTF-8, parsed) cached copy not yet stale; using cached.
2022-01-23 17:16:33,032 DEBUG [main] cache:44 - "spark/partials/standard-content.ftl"("en_IN", UTF-8, parsed) cached copy not yet stale; using cached.
2022-01-23 17:16:33,033 DEBUG [main] cache:44 - "spark/partials/standard-content.ftl"("en_IN", UTF-8, parsed) cached copy not yet stale; using cached.
2022-01-23 17:16:33,035 DEBUG [main] cache:44 - "spark/partials/standard-content.ftl"("en_IN", UTF-8, parsed) cached copy not yet stale; using cached.
2022-01-23 17:16:33,040 DEBUG [main] cache:44 - "spark/partials/standard-content.ftl"("en_IN", UTF-8, parsed) cached copy not yet stale; using cached.
2022-01-23 17:16:33,043 DEBUG [main] cache:44 - "spark/partials/standard-content.ftl"("en_IN", UTF-8, parsed) cached copy not yet stale; using cached.
2022-01-23 17:16:33,044 DEBUG [main] cache:44 - "spark/partials/standard-content.ftl"("en_IN", UTF-8, parsed) cached copy not yet stale; using cached.
2022-01-23 17:16:33,045 DEBUG [main] cache:44 - Couldn't find template in cache for "spark/partials/tag.ftl"("en_IN", UTF-8, parsed); will try to load it.
2022-01-23 17:16:33,045 DEBUG [main] cache:44 - TemplateLoader.findTemplateSource("spark/partials/tag_en_IN.ftl"): Not found
2022-01-23 17:16:33,046 DEBUG [main] cache:44 - TemplateLoader.findTemplateSource("spark/partials/tag_en.ftl"): Not found
2022-01-23 17:16:33,046 DEBUG [main] cache:44 - TemplateLoader.findTemplateSource("spark/partials/tag.ftl"): Found
2022-01-23 17:16:33,046 DEBUG [main] cache:44 - Loading template for "spark/partials/tag.ftl"("en_IN", UTF-8, parsed) from "jar:file:/C:/Users/haseef/.m2/repository/com/aventstack/extentreports/4.1.5/extentreports-4.1.5.jar!/com/aventstack/extentreports/view/spark/partials/tag.ftl"
2022-01-23 17:16:33,061 DEBUG [main] cache:44 - Couldn't find template in cache for "spark/partials/dashboard.ftl"("en_IN", UTF-8, parsed); will try to load it.
2022-01-23 17:16:33,062 DEBUG [main] cache:44 - TemplateLoader.findTemplateSource("spark/partials/dashboard_en_IN.ftl"): Not found
2022-01-23 17:16:33,062 DEBUG [main] cache:44 - TemplateLoader.findTemplateSource("spark/partials/dashboard_en.ftl"): Not found
2022-01-23 17:16:33,063 DEBUG [main] cache:44 - TemplateLoader.findTemplateSource("spark/partials/dashboard.ftl"): Found
2022-01-23 17:16:33,063 DEBUG [main] cache:44 - Loading template for "spark/partials/dashboard.ftl"("en_IN", UTF-8, parsed) from "jar:file:/C:/Users/haseef/.m2/repository/com/aventstack/extentreports/4.1.5/extentreports-4.1.5.jar!/com/aventstack/extentreports/view/spark/partials/dashboard.ftl"
2022-01-23 17:16:33,111 DEBUG [main] cache:44 - Couldn't find template in cache for "spark/partials/scripts.ftl"("en_IN", UTF-8, parsed); will try to load it.
2022-01-23 17:16:33,111 DEBUG [main] cache:44 - TemplateLoader.findTemplateSource("spark/partials/scripts_en_IN.ftl"): Not found
2022-01-23 17:16:33,112 DEBUG [main] cache:44 - TemplateLoader.findTemplateSource("spark/partials/scripts_en.ftl"): Not found
2022-01-23 17:16:33,112 DEBUG [main] cache:44 - TemplateLoader.findTemplateSource("spark/partials/scripts.ftl"): Found
2022-01-23 17:16:33,112 DEBUG [main] cache:44 - Loading template for "spark/partials/scripts.ftl"("en_IN", UTF-8, parsed) from "jar:file:/C:/Users/haseef/.m2/repository/com/aventstack/extentreports/4.1.5/extentreports-4.1.5.jar!/com/aventstack/extentreports/view/spark/partials/scripts.ftl"
2022-01-23 17:16:33,113 DEBUG [main] cache:44 - Couldn't find template in cache for "commons/commons-inject-js.ftl"("en_IN", UTF-8, parsed); will try to load it.
2022-01-23 17:16:33,114 DEBUG [main] cache:44 - TemplateLoader.findTemplateSource("commons/commons-inject-js_en_IN.ftl"): Not found
2022-01-23 17:16:33,115 DEBUG [main] cache:44 - TemplateLoader.findTemplateSource("commons/commons-inject-js_en.ftl"): Not found
2022-01-23 17:16:33,115 DEBUG [main] cache:44 - TemplateLoader.findTemplateSource("commons/commons-inject-js.ftl"): Found
2022-01-23 17:16:33,116 DEBUG [main] cache:44 - Loading template for "commons/commons-inject-js.ftl"("en_IN", UTF-8, parsed) from "jar:file:/C:/Users/haseef/.m2/repository/com/aventstack/extentreports/4.1.5/extentreports-4.1.5.jar!/com/aventstack/extentreports/view/commons/commons-inject-js.ftl"
